<?xml version="1.0" encoding="UTF-8" ?>
<testsuite errors="1" failures="0" hostname="MacBook-Pro-Arsenij-3.local" name="labs.SampleTest" skipped="0" tests="1" time="0.057" timestamp="2025-05-22T14:39:14">
  <properties>
    <property name="ant.library.dir" value="/opt/homebrew/Cellar/ant/1.10.15_1/libexec/lib" />
    <property name="ant.file.type" value="file" />
    <property name="java.specification.version" value="23" />
    <property name="ant.project.name" value="weblab3" />
    <property name="src.test" value="src/test/java" />
    <property name="sun.jnu.encoding" value="UTF-8" />
    <property name="java.class.path" value="/Users/sishrak/Desktop/OPI3/build/classes:/Users/sishrak/Desktop/OPI3/build/test-classes:/Users/sishrak/Desktop/OPI3/dependency/FastInfoset-1.2.15.jar:/Users/sishrak/Desktop/OPI3/dependency/antlr-2.7.7.jar:/Users/sishrak/Desktop/OPI3/dependency/antlr4-runtime-4.13.0.jar:/Users/sishrak/Desktop/OPI3/dependency/apiguardian-api-1.1.2.jar:/Users/sishrak/Desktop/OPI3/dependency/byte-buddy-1.12.8.jar:/Users/sishrak/Desktop/OPI3/dependency/checker-qual-3.42.0.jar:/Users/sishrak/Desktop/OPI3/dependency/classmate-1.5.1.jar:/Users/sishrak/Desktop/OPI3/dependency/hibernate-commons-annotations-5.1.2.Final.jar:/Users/sishrak/Desktop/OPI3/dependency/hibernate-core-5.6.7.Final.jar:/Users/sishrak/Desktop/OPI3/dependency/hibernate-core-6.6.1.Final.jar:/Users/sishrak/Desktop/OPI3/dependency/istack-commons-runtime-3.0.7.jar:/Users/sishrak/Desktop/OPI3/dependency/jakarta.activation-api-2.1.0.jar:/Users/sishrak/Desktop/OPI3/dependency/jakarta.annotation-api-3.0.0.jar:/Users/sishrak/Desktop/OPI3/dependency/jakarta.faces-4.1.2.jar:/Users/sishrak/Desktop/OPI3/dependency/jakarta.inject-api-2.0.1.jar:/Users/sishrak/Desktop/OPI3/dependency/jakarta.jakartaee-web-api-9.1.0.jar:/Users/sishrak/Desktop/OPI3/dependency/jakarta.persistence-api-3.0.0.jar:/Users/sishrak/Desktop/OPI3/dependency/jakarta.servlet-api-6.0.0.jar:/Users/sishrak/Desktop/OPI3/dependency/jakarta.transaction-api-2.0.1.jar:/Users/sishrak/Desktop/OPI3/dependency/jakarta.xml.bind-api-4.0.0.jar:/Users/sishrak/Desktop/OPI3/dependency/jandex-2.4.2.Final.jar:/Users/sishrak/Desktop/OPI3/dependency/jandex-3.2.0.jar:/Users/sishrak/Desktop/OPI3/dependency/javax.activation-api-1.2.0.jar:/Users/sishrak/Desktop/OPI3/dependency/javax.persistence-api-2.2.jar:/Users/sishrak/Desktop/OPI3/dependency/jaxb-api-2.3.1.jar:/Users/sishrak/Desktop/OPI3/dependency/jaxb-runtime-2.3.1.jar:/Users/sishrak/Desktop/OPI3/dependency/jboss-logging-3.4.3.Final.jar:/Users/sishrak/Desktop/OPI3/dependency/jboss-transaction-api_1.2_spec-1.1.1.Final.jar:/Users/sishrak/Desktop/OPI3/dependency/junit-jupiter-api-5.9.2.jar:/Users/sishrak/Desktop/OPI3/dependency/junit-jupiter-engine-5.9.2.jar:/Users/sishrak/Desktop/OPI3/dependency/junit-platform-commons-1.9.2.jar:/Users/sishrak/Desktop/OPI3/dependency/junit-platform-console-standalone-1.9.2.jar:/Users/sishrak/Desktop/OPI3/dependency/junit-platform-engine-1.9.2.jar:/Users/sishrak/Desktop/OPI3/dependency/log4j-api-2.12.0.jar:/Users/sishrak/Desktop/OPI3/dependency/lombok-1.18.30.jar:/Users/sishrak/Desktop/OPI3/dependency/opentest4j-1.2.0.jar:/Users/sishrak/Desktop/OPI3/dependency/org.eclipse.persistence.asm-9.1.0.jar:/Users/sishrak/Desktop/OPI3/dependency/org.eclipse.persistence.core-3.0.2.jar:/Users/sishrak/Desktop/OPI3/dependency/org.eclipse.persistence.jpa-3.0.2.jar:/Users/sishrak/Desktop/OPI3/dependency/org.eclipse.persistence.jpa.jpql-3.0.2.jar:/Users/sishrak/Desktop/OPI3/dependency/postgresql-42.7.2.jar:/Users/sishrak/Desktop/OPI3/dependency/primefaces-12.0.0-jakarta.jar:/Users/sishrak/Desktop/OPI3/dependency/stax-ex-1.8.jar:/Users/sishrak/Desktop/OPI3/dependency/txw2-2.3.1.jar:/opt/homebrew/Cellar/ant/1.10.15_1/libexec/lib/ant-launcher.jar:/opt/homebrew/Cellar/ant/1.10.15_1/libexec/lib/ant.jar:/opt/homebrew/Cellar/ant/1.10.15_1/libexec/lib/ant-junit.jar:/opt/homebrew/Cellar/ant/1.10.15_1/libexec/lib/ant-junit4.jar" />
    <property name="java.vm.vendor" value="Homebrew" />
    <property name="sun.arch.data.model" value="64" />
    <property name="test.build.dir" value="build/test-classes" />
    <property name="java.vendor.url" value="https://github.com/Homebrew/homebrew-core/issues" />
    <property name="os.name" value="Mac OS X" />
    <property name="java.vm.specification.version" value="23" />
    <property name="sun.java.launcher" value="SUN_STANDARD" />
    <property name="user.country" value="RU" />
    <property name="sun.boot.library.path" value="/opt/homebrew/Cellar/openjdk/23.0.2/libexec/openjdk.jdk/Contents/Home/lib" />
    <property name="sun.java.command" value="org.apache.tools.ant.taskdefs.optional.junit.JUnitTestRunner labs.SampleTest skipNonTests=false filtertrace=true haltOnError=false haltOnFailure=false formatter=org.apache.tools.ant.taskdefs.optional.junit.SummaryJUnitResultFormatter showoutput=false outputtoformatters=true logfailedtests=true threadid=0 logtestlistenerevents=false formatter=org.apache.tools.ant.taskdefs.optional.junit.XMLJUnitResultFormatter,/Users/sishrak/Desktop/OPI3/reports/TEST-labs.SampleTest.xml crashfile=/Users/sishrak/Desktop/OPI3/junitvmwatcher13245113256765911379.properties propsfile=/Users/sishrak/Desktop/OPI3/junit8639842567467493046.properties" />
    <property name="http.nonProxyHosts" value="local|*.local|169.254/16|*.169.254/16" />
    <property name="jdk.debug" value="release" />
    <property name="main.class" value="labs.Main" />
    <property name="sun.cpu.endian" value="little" />
    <property name="user.home" value="/Users/sishrak" />
    <property name="user.language" value="ru" />
    <property name="java.specification.vendor" value="Oracle Corporation" />
    <property name="java.version.date" value="2025-01-21" />
    <property name="encoding" value="UTF-8" />
    <property name="version" value="1.0.0" />
    <property name="java.home" value="/opt/homebrew/Cellar/openjdk/23.0.2/libexec/openjdk.jdk/Contents/Home" />
    <property name="diff.classes" value="labs/database|labs/managedBeans|labs/model|labs/util" />
    <property name="basedir" value="/Users/sishrak/Desktop/OPI3" />
    <property name="file.separator" value="/" />
    <property name="java.vm.compressedOopsMode" value="Zero based" />
    <property name="line.separator" value="&#xa;" />
    <property name="svn.first.rev" value="1" />
    <property name="ant.java.version" value="23" />
    <property name="java.specification.name" value="Java Platform API Specification" />
    <property name="java.vm.specification.vendor" value="Oracle Corporation" />
    <property name="doc.dir" value="docs" />
    <property name="scp.dest" value="/opt/apps/weblab3" />
    <property name="apple.awt.application.name" value="JUnitTestRunner" />
    <property name="scp.host" value="your.server.com" />
    <property name="xml.dir" value="src" />
    <property name="jar.name" value="weblab3-1.0.0.jar" />
    <property name="sun.management.compiler" value="HotSpot 64-Bit Tiered Compilers" />
    <property name="ftp.nonProxyHosts" value="local|*.local|169.254/16|*.169.254/16" />
    <property name="java.runtime.version" value="23.0.2" />
    <property name="user.name" value="sishrak" />
    <property name="ant.file" value="/Users/sishrak/Desktop/OPI3/build.xml" />
    <property name="stdout.encoding" value="UTF-8" />
    <property name="path.separator" value=":" />
    <property name="os.version" value="15.3.1" />
    <property name="java.runtime.name" value="OpenJDK Runtime Environment" />
    <property name="file.encoding" value="UTF-8" />
    <property name="ant.project.invoked-targets" value="test" />
    <property name="scp.user" value="deploy" />
    <property name="git.commit.msg" value="ÐÐ¾Ð±Ð°Ð²Ð¸ÑÑ Ð¾ÑÑÑÑÑ JUnit" />
    <property name="java.vm.name" value="OpenJDK 64-Bit Server VM" />
    <property name="java.vendor.version" value="Homebrew" />
    <property name="ant.file.weblab3" value="/Users/sishrak/Desktop/OPI3/build.xml" />
    <property name="src.main" value="src/main/java" />
    <property name="env.java.versions" value="8,11,17" />
    <property name="report.dir" value="reports" />
    <property name="dist.dir" value="dist" />
    <property name="build.dir" value="build/classes" />
    <property name="ant.core.lib" value="/opt/homebrew/Cellar/ant/1.10.15_1/libexec/lib/ant.jar" />
    <property name="java.vendor.url.bug" value="https://github.com/Homebrew/homebrew-core/issues" />
    <property name="java.io.tmpdir" value="/var/folders/xz/lfy09pds5y794pbnvly7sz_w0000gn/T/" />
    <property name="java.version" value="23.0.2" />
    <property name="user.dir" value="/Users/sishrak/Desktop/OPI3" />
    <property name="os.arch" value="aarch64" />
    <property name="java.vm.specification.name" value="Java Virtual Machine Specification" />
    <property name="ant.home" value="/opt/homebrew/Cellar/ant/1.10.15_1/libexec" />
    <property name="music.file" value="sound/success.wav" />
    <property name="lib.dir" value="dependency" />
    <property name="native.encoding" value="UTF-8" />
    <property name="ant.version" value="Apache Ant(TM) version 1.10.15 compiled on August 25 2024" />
    <property name="java.library.path" value="/Users/sishrak/Library/Java/Extensions:/Library/Java/Extensions:/Network/Library/Java/Extensions:/System/Library/Java/Extensions:/usr/lib/java:." />
    <property name="java.vendor" value="Homebrew" />
    <property name="stderr.encoding" value="UTF-8" />
    <property name="java.vm.info" value="mixed mode, sharing" />
    <property name="java.vm.version" value="23.0.2" />
    <property name="env.jvm.args" value="-Xms256m -Xmx1g" />
    <property name="sun.io.unicode.encoding" value="UnicodeBig" />
    <property name="java.class.version" value="67.0" />
    <property name="socksNonProxyHosts" value="local|*.local|169.254/16|*.169.254/16" />
    <property name="src.resources" value="src/main/resources" />
    <property name="replace.tokens" value="replace.tokens" />
    <property name="ant.project.default-target" value="build" />
    <property name="ant.file.type.weblab3" value="file" />
  </properties>
  <testcase classname="labs.SampleTest" name="initializationError" time="0.002">
    <error message="Invalid test class &apos;labs.SampleTest&apos;:&#xa;  1. No runnable methods" type="org.junit.runners.model.InvalidTestClassError">org.junit.runners.model.InvalidTestClassError: Invalid test class &apos;labs.SampleTest&apos;:
  1. No runnable methods
	at java.base/jdk.internal.reflect.DirectConstructorHandleAccessor.newInstance(DirectConstructorHandleAccessor.java:62)
	at java.base/java.lang.reflect.Constructor.newInstanceWithCaller(Constructor.java:501)
	at java.base/java.lang.reflect.Constructor.newInstance(Constructor.java:485)
</error>
  </testcase>
  <system-out><![CDATA[]]></system-out>
  <system-err><![CDATA[]]></system-err>
</testsuite>
