<?xml version="1.0" encoding="UTF-8"?>
<testsuite name="labs.SampleTest" tests="1" skipped="0" failures="0" errors="0" timestamp="2025-05-30T13:44:43.621Z" hostname="MacBook-Pro-Arsenij-3.local" time="0.008">
  <properties/>
  <testcase name="helloTest()" classname="labs.SampleTest" time="0.008"/>
  <system-out><![CDATA[]]></system-out>
  <system-err><![CDATA[]]></system-err>
</testsuite>
